Compiling the CXX compiler identification source file "CMakeCXXCompilerId.cpp" failed.
Compiler: C:/Program Files (x86)/Microsoft Visual Studio/2022/BuildTools/VC/Tools/MSVC/14.31.31103/bin/Hostx86/x86/cl.exe 
Build flags: 
Id flags:  

The output was:
2
Microsoft (R) C/C++ Optimizing Compiler Version 19.31.31105 for x86
Copyright (C) Microsoft Corporation.  All rights reserved.

CMakeCXXCompilerId.cpp
Microsoft (R) Incremental Linker Version 14.31.31105.0
Copyright (C) Microsoft Corporation.  All rights reserved.

/out:CMakeCXXCompilerId.exe 
CMakeCXXCompilerId.obj 
LINK : fatal error LNK1104: cannot open file 'LIBCMT.lib'


Detecting CXX compiler ABI info failed to compile with the following output:
Change Dir: C:/Program Files (x86)/Pico/RPI - pico/build/pioasm/CMakeFiles/CMakeTmp

Run Build Command(s):nmake -f Makefile /nologo cmTC_b5f06\fast && 	"C:\Program Files (x86)\Microsoft Visual Studio\2022\BuildTools\VC\Tools\MSVC\14.31.31103\bin\Hostx86\x86\nmake.exe"  -f CMakeFiles\cmTC_b5f06.dir\build.make /nologo -L                  CMakeFiles\cmTC_b5f06.dir\build
Building CXX object CMakeFiles/cmTC_b5f06.dir/CMakeCXXCompilerABI.cpp.obj
	"C:\Program Files\CMake\bin\cmake.exe" -E cmake_cl_compile_depends --dep-file=CMakeFiles\cmTC_b5f06.dir\CMakeCXXCompilerABI.cpp.obj.d --working-dir="C:\Program Files (x86)\Pico\RPI - pico\build\pioasm\CMakeFiles\CMakeTmp" --filter-prefix="Note: including file: " -- C:\PROGRA~2\MICROS~4\2022\BUILDT~1\VC\Tools\MSVC\1431~1.311\bin\Hostx86\x86\cl.exe @C:\Users\Ant\AppData\Local\Temp\nmE4A5.tmp
CMakeCXXCompilerABI.cpp
Linking CXX executable cmTC_b5f06.exe
	"C:\Program Files\CMake\bin\cmake.exe" -E vs_link_exe --intdir=CMakeFiles\cmTC_b5f06.dir --rc=rc --mt=CMAKE_MT-NOTFOUND --manifests -- C:\PROGRA~2\MICROS~4\2022\BUILDT~1\VC\Tools\MSVC\1431~1.311\bin\Hostx86\x86\link.exe /nologo @CMakeFiles\cmTC_b5f06.dir\objects1.rsp @C:\Users\Ant\AppData\Local\Temp\nmE744.tmp
RC Pass 1: command "rc /fo CMakeFiles\cmTC_b5f06.dir/manifest.res CMakeFiles\cmTC_b5f06.dir/manifest.rc" failed (exit code 0) with the following output:
The system cannot find the file specifiedNMAKE : fatal error U1077: '"C:\Program Files\CMake\bin\cmake.exe"' : return code '0xffffffff'
Stop.
NMAKE : fatal error U1077: '"C:\Program Files (x86)\Microsoft Visual Studio\2022\BuildTools\VC\Tools\MSVC\14.31.31103\bin\Hostx86\x86\nmake.exe"' : return code '0x2'
Stop.




Determining if the CXX compiler works failed with the following output:
Change Dir: C:/Program Files (x86)/Pico/RPI - pico/build/pioasm/CMakeFiles/CMakeTmp

Run Build Command(s):nmake -f Makefile /nologo cmTC_d7062\fast && 	"C:\Program Files (x86)\Microsoft Visual Studio\2022\BuildTools\VC\Tools\MSVC\14.31.31103\bin\Hostx86\x86\nmake.exe"  -f CMakeFiles\cmTC_d7062.dir\build.make /nologo -L                  CMakeFiles\cmTC_d7062.dir\build
Building CXX object CMakeFiles/cmTC_d7062.dir/testCXXCompiler.cxx.obj
	"C:\Program Files\CMake\bin\cmake.exe" -E cmake_cl_compile_depends --dep-file=CMakeFiles\cmTC_d7062.dir\testCXXCompiler.cxx.obj.d --working-dir="C:\Program Files (x86)\Pico\RPI - pico\build\pioasm\CMakeFiles\CMakeTmp" --filter-prefix="Note: including file: " -- C:\PROGRA~2\MICROS~4\2022\BUILDT~1\VC\Tools\MSVC\1431~1.311\bin\Hostx86\x86\cl.exe @C:\Users\Ant\AppData\Local\Temp\nmE87B.tmp
testCXXCompiler.cxx
Linking CXX executable cmTC_d7062.exe
	"C:\Program Files\CMake\bin\cmake.exe" -E vs_link_exe --intdir=CMakeFiles\cmTC_d7062.dir --rc=rc --mt=CMAKE_MT-NOTFOUND --manifests -- C:\PROGRA~2\MICROS~4\2022\BUILDT~1\VC\Tools\MSVC\1431~1.311\bin\Hostx86\x86\link.exe /nologo @CMakeFiles\cmTC_d7062.dir\objects1.rsp @C:\Users\Ant\AppData\Local\Temp\nmE938.tmp
RC Pass 1: command "rc /fo CMakeFiles\cmTC_d7062.dir/manifest.res CMakeFiles\cmTC_d7062.dir/manifest.rc" failed (exit code 0) with the following output:
The system cannot find the file specifiedNMAKE : fatal error U1077: '"C:\Program Files\CMake\bin\cmake.exe"' : return code '0xffffffff'
Stop.
NMAKE : fatal error U1077: '"C:\Program Files (x86)\Microsoft Visual Studio\2022\BuildTools\VC\Tools\MSVC\14.31.31103\bin\Hostx86\x86\nmake.exe"' : return code '0x2'
Stop.



